#
# A fatal error has been detected by the Java Runtime Environment:
#
#  EXCEPTION_ACCESS_VIOLATION (0xc0000005) at pc=0x0000000055cb9f79, pid=11112, tid=11516
#
# JRE version: Java(TM) SE Runtime Environment (7.0_80-b15) (build 1.7.0_80-b15)
# Java VM: Java HotSpot(TM) 64-Bit Server VM (24.80-b11 mixed mode windows-amd64 compressed oops)
# Problematic frame:
# V  [jvm.dll+0x199f79]
#
# Failed to write core dump. Minidumps are not enabled by default on client versions of Windows
#
# If you would like to submit a bug report, please visit:
#   http://bugreport.java.com/bugreport/crash.jsp
#

---------------  T H R E A D  ---------------

Current thread (0x000000000866f000):  JavaThread "Attach Listener" daemon [_thread_in_vm, id=11516, stack(0x0000000009ac0000,0x0000000009bc0000)]

siginfo: ExceptionCode=0xc0000005, reading address 0x0000000000000000

Registers:
RAX=0x0000000000000000, RBX=0x000000000acac1e8, RCX=0x0000000000000000, RDX=0x0000000000000000
RSP=0x0000000009bbddc0, RBP=0x0000000009bbde29, RSI=0x0000000000000000, RDI=0x000000000acac1f0
R8 =0x00000000bffa83a8, R9 =0x0000000055690000, R10=0x0000000000000000, R11=0x0000000000000000
R12=0x000000000866f000, R13=0x0000000009bbe370, R14=0x000000000866f000, R15=0x0000000009bbe370
RIP=0x0000000055cb9f79, EFLAGS=0x0000000000010246

Top of Stack: (sp=0x0000000009bbddc0)
0x0000000009bbddc0:   000000000acac1e8 0000000009bbde29
0x0000000009bbddd0:   0000000000000000 0000000000000000
0x0000000009bbdde0:   ffffffffffff0101 000000000acac1b0
0x0000000009bbddf0:   0000000000000000 000000000ab8d710
0x0000000009bbde00:   00000000bffe9428 0000000055bc715d
0x0000000009bbde10:   000000000acabf90 000000000acac158
0x0000000009bbde20:   000000000acac158 00000000000000f8
0x0000000009bbde30:   000000000ba461b0 000000000866de50
0x0000000009bbde40:   000000000f4c4040 0000000009bbe370
0x0000000009bbde50:   0000000009bbe370 000000000866f000
0x0000000009bbde60:   000000000ba461b0 000000000866de50
0x0000000009bbde70:   0000000000000000 000000000862c450
0x0000000009bbde80:   0000000009bbdf39 0000000055cba905
0x0000000009bbde90:   00000000000009f4 0000000000000000
0x0000000009bbdea0:   000000000acac1b0 000000000866f000
0x0000000009bbdeb0:   0000000000000000 0000000000000000 

Instructions: (pc=0x0000000055cb9f79)
0x0000000055cb9f59:   85 c0 75 05 48 8b c6 eb 10 49 8b 8c 24 20 01 00
0x0000000055cb9f69:   00 48 8b d0 e8 ee ad e6 ff 48 89 45 c7 4c 8b 03
0x0000000055cb9f79:   48 8b 08 41 8b 50 3c 85 d2 75 09 41 8b 40 34 89
0x0000000055cb9f89:   41 3c eb 03 89 51 3c 4d 8b a4 24 18 01 00 00 33 


Register to memory mapping:

RAX=0x0000000000000000 is an unknown value
RBX=0x000000000acac1e8 is an unknown value
RCX=0x0000000000000000 is an unknown value
RDX=0x0000000000000000 is an unknown value
RSP=0x0000000009bbddc0 is pointing into the stack for thread: 0x000000000866f000
RBP=0x0000000009bbde29 is pointing into the stack for thread: 0x000000000866f000
RSI=0x0000000000000000 is an unknown value
RDI=0x000000000acac1f0 is an unknown value
R8 =0x00000000bffa83a8 is an oop

[error occurred during error reporting (printing register info), id 0xe0000000]

Stack: [0x0000000009ac0000,0x0000000009bc0000],  sp=0x0000000009bbddc0,  free space=1015k
Native frames: (J=compiled Java code, j=interpreted, Vv=VM code, C=native code)
V  [jvm.dll+0x199f79]

Java frames: (J=compiled Java code, j=interpreted, Vv=VM code)
j  sun.instrument.InstrumentationImpl.retransformClasses0(J[Ljava/lang/Class;)V+0
j  sun.instrument.InstrumentationImpl.retransformClasses([Ljava/lang/Class;)V+23
J 4730 C2 com.blueware.agent.compile.RewriterAgent.premain(Ljava/lang/String;Ljava/lang/instrument/Instrumentation;)V (504 bytes) @ 0x00000000033741f4 [0x00000000033730e0+0x1114]
j  com.blueware.agent.compile.RewriterAgent.agentmain(Ljava/lang/String;Ljava/lang/instrument/Instrumentation;)V+2
v  ~StubRoutines::call_stub
J 5594  sun.reflect.NativeMethodAccessorImpl.invoke0(Ljava/lang/reflect/Method;Ljava/lang/Object;[Ljava/lang/Object;)Ljava/lang/Object; (0 bytes) @ 0x0000000003224c1f [0x0000000003224ba0+0x7f]
J 4675 C2 java.lang.reflect.Method.invoke(Ljava/lang/Object;[Ljava/lang/Object;)Ljava/lang/Object; (63 bytes) @ 0x0000000003066c2c [0x0000000003066b80+0xac]
j  sun.instrument.InstrumentationImpl.loadClassAndStartAgent(Ljava/lang/String;Ljava/lang/String;Ljava/lang/String;)V+180
j  sun.instrument.InstrumentationImpl.loadClassAndCallAgentmain(Ljava/lang/String;Ljava/lang/String;)V+5
v  ~StubRoutines::call_stub

---------------  P R O C E S S  ---------------

Java Threads: ( => current thread )
  0x000000000c402000 JavaThread "Stdin handler" [_thread_blocked, id=1260, stack(0x0000000065800000,0x0000000065900000)]
  0x000000000c400800 JavaThread "Cancel handler" [_thread_blocked, id=5516, stack(0x0000000065700000,0x0000000065800000)]
  0x000000000c403800 JavaThread "Handler for socket connection from /127.0.0.1:56750 to /127.0.0.1:49218" [_thread_in_native, id=3380, stack(0x0000000065600000,0x0000000065700000)]
  0x000000000c3fc800 JavaThread "Daemon worker Thread 9" [_thread_in_native, id=11960, stack(0x0000000052f80000,0x0000000053080000)]
  0x000000000c3ff000 JavaThread "Daemon Thread 9" [_thread_blocked, id=2324, stack(0x0000000052c80000,0x0000000052d80000)]
  0x000000000c409800 JavaThread "pool-5-thread-4" [_thread_blocked, id=11660, stack(0x000000002dc80000,0x000000002dd80000)]
  0x000000000c40b000 JavaThread "pool-5-thread-3" [_thread_blocked, id=12260, stack(0x000000002db80000,0x000000002dc80000)]
  0x000000000c409000 JavaThread "pool-5-thread-2" [_thread_blocked, id=12240, stack(0x000000002da80000,0x000000002db80000)]
  0x000000000c408000 JavaThread "pool-5-thread-1" [_thread_blocked, id=5564, stack(0x000000002d980000,0x000000002da80000)]
  0x000000000c9c8000 JavaThread "pool-1-thread-1" [_thread_blocked, id=10584, stack(0x0000000011ab0000,0x0000000011bb0000)]
  0x000000000b52e000 JavaThread "File lock request listener" [_thread_in_native, id=5624, stack(0x000000000c250000,0x000000000c350000)]
  0x000000000aa62800 JavaThread "Incoming local TCP Connector on port 56750" [_thread_in_native, id=7736, stack(0x000000000bbd0000,0x000000000bcd0000)]
  0x0000000008674000 JavaThread "Service Thread" daemon [_thread_blocked, id=11996, stack(0x0000000009dc0000,0x0000000009ec0000)]
  0x0000000008671800 JavaThread "C2 CompilerThread1" daemon [_thread_blocked, id=10572, stack(0x0000000009cc0000,0x0000000009dc0000)]
  0x000000000866f800 JavaThread "C2 CompilerThread0" daemon [_thread_blocked, id=9940, stack(0x0000000009bc0000,0x0000000009cc0000)]
=>0x000000000866f000 JavaThread "Attach Listener" daemon [_thread_in_vm, id=11516, stack(0x0000000009ac0000,0x0000000009bc0000)]
  0x000000000866c000 JavaThread "Signal Dispatcher" daemon [_thread_blocked, id=11248, stack(0x00000000099c0000,0x0000000009ac0000)]
  0x0000000008620000 JavaThread "Finalizer" daemon [_thread_blocked, id=10408, stack(0x00000000098c0000,0x00000000099c0000)]
  0x0000000008617000 JavaThread "Reference Handler" daemon [_thread_blocked, id=12072, stack(0x00000000097c0000,0x00000000098c0000)]
  0x00000000026a0800 JavaThread "main" [_thread_blocked, id=12212, stack(0x0000000002220000,0x0000000002320000)]

Other Threads:
  0x0000000008613000 VMThread [stack: 0x00000000096c0000,0x00000000097c0000] [id=10524]
  0x0000000008693000 WatcherThread [stack: 0x0000000009ec0000,0x0000000009fc0000] [id=12220]

VM state:not at safepoint (normal execution)

VM Mutex/Monitor currently owned by a thread: None

Heap
 PSYoungGen      total 304128K, used 0K [0x00000000eaa80000, 0x00000000fe800000, 0x0000000100000000)
  eden space 285184K, 0% used [0x00000000eaa80000,0x00000000eaa80000,0x00000000fc100000)
  from space 18944K, 0% used [0x00000000fd580000,0x00000000fd580000,0x00000000fe800000)
  to   space 19968K, 0% used [0x00000000fc100000,0x00000000fc100000,0x00000000fd480000)
 ParOldGen       total 698880K, used 62824K [0x00000000c0000000, 0x00000000eaa80000, 0x00000000eaa80000)
  object space 698880K, 8% used [0x00000000c0000000,0x00000000c3d5a0e8,0x00000000eaa80000)
 PSPermGen       total 83968K, used 83948K [0x00000000bae00000, 0x00000000c0000000, 0x00000000c0000000)
  object space 83968K, 99% used [0x00000000bae00000,0x00000000bfffb100,0x00000000c0000000)

Card table byte_map: [0x0000000005860000,0x0000000005a90000] byte_map_base: 0x0000000005289000

Polling page: 0x0000000000a70000

Code Cache  [0x00000000027a0000, 0x0000000003ce0000, 0x00000000057a0000)
 total_blobs=6275 nmethods=5565 adapters=660 free_code_cache=27679Kb largest_free_block=28097472

Compilation events (10 events):
Event: 8049.710 Thread 0x000000000866f800 7390             com.google.common.collect.Iterators$1::hasNext (2 bytes)
Event: 8049.710 Thread 0x000000000866f800 nmethod 7390 0x0000000002f11d10 code [0x0000000002f11e40, 0x0000000002f11e98]
Event: 8049.750 Thread 0x0000000008671800 7391   !         java.util.concurrent.ThreadPoolExecutor::runWorker (225 bytes)
Event: 8049.781 Thread 0x0000000008671800 nmethod 7391 0x0000000003ccf610 code [0x0000000003ccf9a0, 0x0000000003cd16f8]
Event: 8051.092 Thread 0x000000000866f800 7392   !         sun.nio.ch.NativeThreadSet::signalAndWait (127 bytes)
Event: 8051.094 Thread 0x000000000866f800 nmethod 7392 0x0000000003cc0c50 code [0x0000000003cc0da0, 0x0000000003cc1098]
Event: 8072.254 Thread 0x0000000008671800 7393             org.codehaus.groovy.util.ReferenceManager::removeStallEntries (1 bytes)
Event: 8072.255 Thread 0x0000000008671800 nmethod 7393 0x0000000003189610 code [0x0000000003189740, 0x0000000003189798]
Event: 8072.314 Thread 0x000000000866f800 7394             org.codehaus.groovy.runtime.MetaClassHelper::convertToTypeArray (42 bytes)
Event: 8072.315 Thread 0x000000000866f800 nmethod 7394 0x0000000003cc36d0 code [0x0000000003cc3820, 0x0000000003cc39d8]

GC Heap History (10 events):
Event: 8072.906 GC heap before
{Heap before GC invocations=34500 (full 17226):
 PSYoungGen      total 304640K, used 0K [0x00000000eaa80000, 0x00000000fea80000, 0x0000000100000000)
  eden space 283648K, 0% used [0x00000000eaa80000,0x00000000eaa80000,0x00000000fbf80000)
  from space 20992K, 0% used [0x00000000fd600000,0x00000000fd600000,0x00000000fea80000)
  to   space 22016K, 0% used [0x00000000fbf80000,0x00000000fbf80000,0x00000000fd500000)
 ParOldGen       total 698880K, used 65608K [0x00000000c0000000, 0x00000000eaa80000, 0x00000000eaa80000)
  object space 698880K, 9% used [0x00000000c0000000,0x00000000c4012098,0x00000000eaa80000)
 PSPermGen       total 83968K, used 83967K [0x00000000bae00000, 0x00000000c0000000, 0x00000000c0000000)
  object space 83968K, 99% used [0x00000000bae00000,0x00000000bffffee0,0x00000000c0000000)
Event: 8073.058 GC heap after
Heap after GC invocations=34500 (full 17226):
 PSYoungGen      total 304640K, used 0K [0x00000000eaa80000, 0x00000000fea80000, 0x0000000100000000)
  eden space 283648K, 0% used [0x00000000eaa80000,0x00000000eaa80000,0x00000000fbf80000)
  from space 20992K, 0% used [0x00000000fd600000,0x00000000fd600000,0x00000000fea80000)
  to   space 22016K, 0% used [0x00000000fbf80000,0x00000000fbf80000,0x00000000fd500000)
 ParOldGen       total 698880K, used 63146K [0x00000000c0000000, 0x00000000eaa80000, 0x00000000eaa80000)
  object space 698880K, 9% used [0x00000000c0000000,0x00000000c3daa800,0x00000000eaa80000)
 PSPermGen       total 83968K, used 83832K [0x00000000bae00000, 0x00000000c0000000, 0x00000000c0000000)
  object space 83968K, 99% used [0x00000000bae00000,0x00000000bffde018,0x00000000c0000000)
}
Event: 8073.124 GC heap before
{Heap before GC invocations=34501 (full 17226):
 PSYoungGen      total 304640K, used 28861K [0x00000000eaa80000, 0x00000000fea80000, 0x0000000100000000)
  eden space 283648K, 10% used [0x00000000eaa80000,0x00000000ec6af6d0,0x00000000fbf80000)
  from space 20992K, 0% used [0x00000000fd600000,0x00000000fd600000,0x00000000fea80000)
  to   space 22016K, 0% used [0x00000000fbf80000,0x00000000fbf80000,0x00000000fd500000)
 ParOldGen       total 698880K, used 63146K [0x00000000c0000000, 0x00000000eaa80000, 0x00000000eaa80000)
  object space 698880K, 9% used [0x00000000c0000000,0x00000000c3daa800,0x00000000eaa80000)
 PSPermGen       total 83968K, used 83960K [0x00000000bae00000, 0x00000000c0000000, 0x00000000c0000000)
  object space 83968K, 99% used [0x00000000bae00000,0x00000000bfffe040,0x00000000c0000000)
Event: 8073.127 GC heap after
Heap after GC invocations=34501 (full 17226):
 PSYoungGen      total 305664K, used 672K [0x00000000eaa80000, 0x00000000fea00000, 0x0000000100000000)
  eden space 283648K, 0% used [0x00000000eaa80000,0x00000000eaa80000,0x00000000fbf80000)
  from space 22016K, 3% used [0x00000000fbf80000,0x00000000fc028000,0x00000000fd500000)
  to   space 20992K, 0% used [0x00000000fd580000,0x00000000fd580000,0x00000000fea00000)
 ParOldGen       total 698880K, used 63146K [0x00000000c0000000, 0x00000000eaa80000, 0x00000000eaa80000)
  object space 698880K, 9% used [0x00000000c0000000,0x00000000c3daa800,0x00000000eaa80000)
 PSPermGen       total 83968K, used 83960K [0x00000000bae00000, 0x00000000c0000000, 0x00000000c0000000)
  object space 83968K, 99% used [0x00000000bae00000,0x00000000bfffe040,0x00000000c0000000)
}
Event: 8073.128 GC heap before
{Heap before GC invocations=34502 (full 17227):
 PSYoungGen      total 305664K, used 672K [0x00000000eaa80000, 0x00000000fea00000, 0x0000000100000000)
  eden space 283648K, 0% used [0x00000000eaa80000,0x00000000eaa80000,0x00000000fbf80000)
  from space 22016K, 3% used [0x00000000fbf80000,0x00000000fc028000,0x00000000fd500000)
  to   space 20992K, 0% used [0x00000000fd580000,0x00000000fd580000,0x00000000fea00000)
 ParOldGen       total 698880K, used 63146K [0x00000000c0000000, 0x00000000eaa80000, 0x00000000eaa80000)
  object space 698880K, 9% used [0x00000000c0000000,0x00000000c3daa800,0x00000000eaa80000)
 PSPermGen       total 83968K, used 83960K [0x00000000bae00000, 0x00000000c0000000, 0x00000000c0000000)
  object space 83968K, 99% used [0x00000000bae00000,0x00000000bfffe040,0x00000000c0000000)
Event: 8073.286 GC heap after
Heap after GC invocations=34502 (full 17227):
 PSYoungGen      total 305664K, used 0K [0x00000000eaa80000, 0x00000000fea00000, 0x0000000100000000)
  eden space 283648K, 0% used [0x00000000eaa80000,0x00000000eaa80000,0x00000000fbf80000)
  from space 22016K, 0% used [0x00000000fbf80000,0x00000000fbf80000,0x00000000fd500000)
  to   space 20992K, 0% used [0x00000000fd580000,0x00000000fd580000,0x00000000fea00000)
 ParOldGen       total 698880K, used 63157K [0x00000000c0000000, 0x00000000eaa80000, 0x00000000eaa80000)
  object space 698880K, 9% used [0x00000000c0000000,0x00000000c3dad458,0x00000000eaa80000)
 PSPermGen       total 83968K, used 83960K [0x00000000bae00000, 0x00000000c0000000, 0x00000000c0000000)
  object space 83968K, 99% used [0x00000000bae00000,0x00000000bfffe000,0x00000000c0000000)
}
Event: 8073.286 GC heap before
{Heap before GC invocations=34503 (full 17227):
 PSYoungGen      total 305664K, used 0K [0x00000000eaa80000, 0x00000000fea00000, 0x0000000100000000)
  eden space 283648K, 0% used [0x00000000eaa80000,0x00000000eaa80000,0x00000000fbf80000)
  from space 22016K, 0% used [0x00000000fbf80000,0x00000000fbf80000,0x00000000fd500000)
  to   space 20992K, 0% used [0x00000000fd580000,0x00000000fd580000,0x00000000fea00000)
 ParOldGen       total 698880K, used 63157K [0x00000000c0000000, 0x00000000eaa80000, 0x00000000eaa80000)
  object space 698880K, 9% used [0x00000000c0000000,0x00000000c3dad458,0x00000000eaa80000)
 PSPermGen       total 83968K, used 83960K [0x00000000bae00000, 0x00000000c0000000, 0x00000000c0000000)
  object space 83968K, 99% used [0x00000000bae00000,0x00000000bfffe000,0x00000000c0000000)
Event: 8073.289 GC heap after
Heap after GC invocations=34503 (full 17227):
 PSYoungGen      total 304128K, used 0K [0x00000000eaa80000, 0x00000000fe800000, 0x0000000100000000)
  eden space 285184K, 0% used [0x00000000eaa80000,0x00000000eaa80000,0x00000000fc100000)
  from space 18944K, 0% used [0x00000000fd580000,0x00000000fd580000,0x00000000fe800000)
  to   space 19968K, 0% used [0x00000000fc100000,0x00000000fc100000,0x00000000fd480000)
 ParOldGen       total 698880K, used 63157K [0x00000000c0000000, 0x00000000eaa80000, 0x00000000eaa80000)
  object space 698880K, 9% used [0x00000000c0000000,0x00000000c3dad458,0x00000000eaa80000)
 PSPermGen       total 83968K, used 83960K [0x00000000bae00000, 0x00000000c0000000, 0x00000000c0000000)
  object space 83968K, 99% used [0x00000000bae00000,0x00000000bfffe000,0x00000000c0000000)
}
Event: 8073.289 GC heap before
{Heap before GC invocations=34504 (full 17228):
 PSYoungGen      total 304128K, used 0K [0x00000000eaa80000, 0x00000000fe800000, 0x0000000100000000)
  eden space 285184K, 0% used [0x00000000eaa80000,0x00000000eaa80000,0x00000000fc100000)
  from space 18944K, 0% used [0x00000000fd580000,0x00000000fd580000,0x00000000fe800000)
  to   space 19968K, 0% used [0x00000000fc100000,0x00000000fc100000,0x00000000fd480000)
 ParOldGen       total 698880K, used 63157K [0x00000000c0000000, 0x00000000eaa80000, 0x00000000eaa80000)
  object space 698880K, 9% used [0x00000000c0000000,0x00000000c3dad458,0x00000000eaa80000)
 PSPermGen       total 83968K, used 83960K [0x00000000bae00000, 0x00000000c0000000, 0x00000000c0000000)
  object space 83968K, 99% used [0x00000000bae00000,0x00000000bfffe000,0x00000000c0000000)
Event: 8073.437 GC heap after
Heap after GC invocations=34504 (full 17228):
 PSYoungGen      total 304128K, used 0K [0x00000000eaa80000, 0x00000000fe800000, 0x0000000100000000)
  eden space 285184K, 0% used [0x00000000eaa80000,0x00000000eaa80000,0x00000000fc100000)
  from space 18944K, 0% used [0x00000000fd580000,0x00000000fd580000,0x00000000fe800000)
  to   space 19968K, 0% used [0x00000000fc100000,0x00000000fc100000,0x00000000fd480000)
 ParOldGen       total 698880K, used 62824K [0x00000000c0000000, 0x00000000eaa80000, 0x00000000eaa80000)
  object space 698880K, 8% used [0x00000000c0000000,0x00000000c3d5a0e8,0x00000000eaa80000)
 PSPermGen       total 83968K, used 83948K [0x00000000bae00000, 0x00000000c0000000, 0x00000000c0000000)
  object space 83968K, 99% used [0x00000000bae00000,0x00000000bfffb100,0x00000000c0000000)
}

Deoptimization events (10 events):
Event: 8027.665 Thread 0x000000000c401800 Uncommon trap: reason=class_check action=maybe_recompile pc=0x0000000002bb9a8c method=org.objectweb.asm.tree.ClassNode.accept(Lorg/objectweb/asm/ClassVisitor;)V @ 152
Event: 8027.712 Thread 0x000000000c401800 Uncommon trap: reason=class_check action=maybe_recompile pc=0x0000000002bb9a8c method=org.objectweb.asm.tree.ClassNode.accept(Lorg/objectweb/asm/ClassVisitor;)V @ 152
Event: 8027.763 Thread 0x000000000c401800 Uncommon trap: reason=class_check action=maybe_recompile pc=0x0000000002bb9a8c method=org.objectweb.asm.tree.ClassNode.accept(Lorg/objectweb/asm/ClassVisitor;)V @ 152
Event: 8028.149 Thread 0x000000000c401800 Uncommon trap: reason=unstable_if action=reinterpret pc=0x0000000002daa048 method=org.objectweb.asm.ByteVector.putUTF8(Ljava/lang/String;)Lorg/objectweb/asm/ByteVector; @ 98
Event: 8028.349 Thread 0x000000000c401800 Uncommon trap: reason=unstable_if action=reinterpret pc=0x00000000035842b8 method=org.objectweb.asm.Type.getArgumentsAndReturnSizes(Ljava/lang/String;)I @ 112
Event: 8028.458 Thread 0x000000000c401800 Uncommon trap: reason=unstable_if action=reinterpret pc=0x0000000003c7a79c method=org.objectweb.asm.tree.MethodNode.accept(Lorg/objectweb/asm/MethodVisitor;)V @ 69
Event: 8028.458 Thread 0x000000000c401800 Uncommon trap: reason=unstable_if action=reinterpret pc=0x0000000003444a34 method=org.objectweb.asm.MethodWriter.a()I @ 512
Event: 8028.458 Thread 0x000000000c401800 Uncommon trap: reason=unstable_if action=reinterpret pc=0x0000000003c39564 method=org.objectweb.asm.MethodWriter.a(Lorg/objectweb/asm/ByteVector;)V @ 177
Event: 8029.326 Thread 0x000000000c401800 Uncommon trap: reason=unstable_if action=reinterpret pc=0x0000000003c9aefc method=com.android.builder.testing.MockableJarGenerator.skipClass(Ljava/lang/String;)Z @ 32
Event: 8030.485 Thread 0x000000000c3fe000 Uncommon trap: reason=array_check action=maybe_recompile pc=0x0000000003aa87b0 method=java.util.TimSort.mergeHi(IIII)V @ 160

Internal exceptions (10 events):
Event: 8073.068 Thread 0x000000000c3fc800 Threw 0x00000000eaf03ab8 at C:\re\jdk7u80\2329\hotspot\src\share\vm\prims\jvm.cpp:1319
Event: 8073.068 Thread 0x000000000c3fc800 Threw 0x00000000eaf04a48 at C:\re\jdk7u80\2329\hotspot\src\share\vm\prims\jvm.cpp:1319
Event: 8073.068 Thread 0x000000000c3fc800 Threw 0x00000000eaf0d0d0 at C:\re\jdk7u80\2329\hotspot\src\share\vm\prims\jvm.cpp:1319
Event: 8073.068 Thread 0x000000000c3fc800 Threw 0x00000000eaf17f48 at C:\re\jdk7u80\2329\hotspot\src\share\vm\prims\jvm.cpp:1319
Event: 8073.068 Thread 0x000000000c3fc800 Threw 0x00000000eaf18bd8 at C:\re\jdk7u80\2329\hotspot\src\share\vm\prims\jvm.cpp:1319
Event: 8073.068 Thread 0x000000000c3fc800 Threw 0x00000000eaf1dc98 at C:\re\jdk7u80\2329\hotspot\src\share\vm\prims\jvm.cpp:1319
Event: 8073.068 Thread 0x000000000c3fc800 Threw 0x00000000eaf24370 at C:\re\jdk7u80\2329\hotspot\src\share\vm\prims\jvm.cpp:1319
Event: 8073.069 Thread 0x000000000c3fc800 Threw 0x00000000eaf25200 at C:\re\jdk7u80\2329\hotspot\src\share\vm\prims\jvm.cpp:1319
Event: 8073.069 Thread 0x000000000c3fc800 Threw 0x00000000eaf2c698 at C:\re\jdk7u80\2329\hotspot\src\share\vm\prims\jvm.cpp:1319
Event: 8073.437 Thread 0x000000000866f000 Threw 0x00000000baea9268 at C:\re\jdk7u80\2329\hotspot\src\share\vm\gc_interface/collectedHeap.inline.hpp:225

Events (10 events):
Event: 8073.070 Executing VM operation: BulkRevokeBias
Event: 8073.070 Executing VM operation: BulkRevokeBias done
Event: 8073.074 Executing VM operation: RevokeBias
Event: 8073.074 Executing VM operation: RevokeBias done
Event: 8073.074 Executing VM operation: RevokeBias
Event: 8073.075 Executing VM operation: RevokeBias done
Event: 8073.075 Executing VM operation: RevokeBias
Event: 8073.075 Executing VM operation: RevokeBias done
Event: 8073.124 Executing VM operation: ParallelGCFailedPermanentAllocation
Event: 8073.437 Executing VM operation: ParallelGCFailedPermanentAllocation done


Dynamic libraries:
0x00007ff7e2410000 - 0x00007ff7e2443000 	C:\Program Files\Java\jdk1.7.0_80\bin\java.exe
0x00007ffbc9cd0000 - 0x00007ffbc9e91000 	C:\WINDOWS\SYSTEM32\ntdll.dll
0x00007ffbc9c10000 - 0x00007ffbc9cbd000 	C:\WINDOWS\system32\KERNEL32.DLL
0x00007ffbc64d0000 - 0x00007ffbc66b8000 	C:\WINDOWS\system32\KERNELBASE.dll
0x00007ffbc95e0000 - 0x00007ffbc9687000 	C:\WINDOWS\system32\ADVAPI32.dll
0x00007ffbc8e60000 - 0x00007ffbc8efd000 	C:\WINDOWS\system32\msvcrt.dll
0x00007ffbc7180000 - 0x00007ffbc71db000 	C:\WINDOWS\system32\sechost.dll
0x00007ffbc87a0000 - 0x00007ffbc88bc000 	C:\WINDOWS\system32\RPCRT4.dll
0x00007ffbc8930000 - 0x00007ffbc8a86000 	C:\WINDOWS\system32\USER32.dll
0x00007ffbc9a20000 - 0x00007ffbc9ba6000 	C:\WINDOWS\system32\GDI32.dll
0x00007ffbb3e20000 - 0x00007ffbb4094000 	C:\WINDOWS\WinSxS\amd64_microsoft.windows.common-controls_6595b64144ccf1df_6.0.10586.0_none_8c15ae12515e1c22\COMCTL32.dll
0x00007ffbc8a90000 - 0x00007ffbc8d0d000 	C:\WINDOWS\system32\combase.dll
0x00007ffbc68e0000 - 0x00007ffbc694a000 	C:\WINDOWS\system32\bcryptPrimitives.dll
0x00007ffbc8d10000 - 0x00007ffbc8d4b000 	C:\WINDOWS\system32\IMM32.DLL
0x0000000055690000 - 0x0000000055762000 	C:\Program Files\Java\jdk1.7.0_80\jre\bin\msvcr100.dll
0x0000000055b20000 - 0x00000000562f9000 	C:\Program Files\Java\jdk1.7.0_80\jre\bin\server\jvm.dll
0x00007ffbc9cc0000 - 0x00007ffbc9cc8000 	C:\WINDOWS\system32\PSAPI.DLL
0x00007ffbc44a0000 - 0x00007ffbc44c3000 	C:\WINDOWS\SYSTEM32\WINMM.dll
0x00007ffbb9fa0000 - 0x00007ffbb9fa9000 	C:\WINDOWS\SYSTEM32\WSOCK32.dll
0x00007ffbc88c0000 - 0x00007ffbc892b000 	C:\WINDOWS\system32\WS2_32.dll
0x0000000000a90000 - 0x0000000000abc000 	C:\WINDOWS\SYSTEM32\WINMMBASE.dll
0x00007ffbc6890000 - 0x00007ffbc68d3000 	C:\WINDOWS\system32\cfgmgr32.dll
0x0000000055b10000 - 0x0000000055b1f000 	C:\Program Files\Java\jdk1.7.0_80\jre\bin\verify.dll
0x0000000055ae0000 - 0x0000000055b08000 	C:\Program Files\Java\jdk1.7.0_80\jre\bin\java.dll
0x0000000055ac0000 - 0x0000000055ad6000 	C:\Program Files\Java\jdk1.7.0_80\jre\bin\zip.dll
0x0000000055aa0000 - 0x0000000055aba000 	C:\Program Files\Java\jdk1.7.0_80\jre\bin\net.dll
0x00007ffbc5ba0000 - 0x00007ffbc5bfc000 	C:\WINDOWS\system32\mswsock.dll
0x0000000055a80000 - 0x0000000055a91000 	C:\Program Files\Java\jdk1.7.0_80\jre\bin\nio.dll
0x00007ffbc4080000 - 0x00007ffbc4092000 	C:\Users\DIY\.gradle\native\19\windows-amd64\native-platform.dll
0x00007ffbc8740000 - 0x00007ffbc8792000 	C:\WINDOWS\system32\SHLWAPI.dll
0x00007ffbc3010000 - 0x00007ffbc3048000 	C:\WINDOWS\SYSTEM32\IPHLPAPI.DLL
0x00007ffbc97e0000 - 0x00007ffbc97e8000 	C:\WINDOWS\system32\NSI.dll
0x00007ffbc2ff0000 - 0x00007ffbc3006000 	C:\WINDOWS\SYSTEM32\dhcpcsvc6.DLL
0x00007ffbc2fd0000 - 0x00007ffbc2fea000 	C:\WINDOWS\SYSTEM32\dhcpcsvc.DLL
0x00007ffbc5c50000 - 0x00007ffbc5c67000 	C:\WINDOWS\SYSTEM32\CRYPTSP.dll
0x00007ffbc58e0000 - 0x00007ffbc5914000 	C:\WINDOWS\system32\rsaenh.dll
0x00007ffbc6200000 - 0x00007ffbc6229000 	C:\WINDOWS\SYSTEM32\bcrypt.dll
0x00007ffbc5a30000 - 0x00007ffbc5a4f000 	C:\WINDOWS\SYSTEM32\USERENV.dll
0x00007ffbc62d0000 - 0x00007ffbc62e4000 	C:\WINDOWS\system32\profapi.dll
0x00007ffbc5d70000 - 0x00007ffbc5d7b000 	C:\WINDOWS\SYSTEM32\CRYPTBASE.dll
0x0000000055880000 - 0x000000005588b000 	C:\Program Files\Java\jdk1.7.0_80\jre\bin\management.dll
0x00007ffbb5670000 - 0x00007ffbb5686000 	C:\WINDOWS\system32\napinsp.dll
0x00007ffbb5690000 - 0x00007ffbb56aa000 	C:\WINDOWS\system32\pnrpnsp.dll
0x00007ffbc4440000 - 0x00007ffbc4458000 	C:\WINDOWS\system32\NLAapi.dll
0x00007ffbc4c50000 - 0x00007ffbc4cfa000 	C:\WINDOWS\SYSTEM32\DNSAPI.dll
0x00007ffbb56f0000 - 0x00007ffbb56fd000 	C:\WINDOWS\System32\winrnr.dll
0x00007ffbbbb70000 - 0x00007ffbbbb7a000 	C:\Windows\System32\rasadhlp.dll
0x00007ffbc3060000 - 0x00007ffbc30c7000 	C:\WINDOWS\System32\fwpuclnt.dll
0x0000000055680000 - 0x0000000055689000 	C:\Program Files\Java\jdk1.7.0_80\jre\bin\attach.dll
0x0000000055650000 - 0x0000000055673000 	C:\Program Files\Java\jdk1.7.0_80\jre\bin\instrument.dll
0x00000000557b0000 - 0x00000000557d4000 	C:\Program Files\Java\jdk1.7.0_80\jre\bin\sunec.dll
0x00000000557a0000 - 0x00000000557ab000 	C:\Program Files\Java\jdk1.7.0_80\jre\bin\sunmscapi.dll
0x00007ffbc66c0000 - 0x00007ffbc6888000 	C:\WINDOWS\system32\CRYPT32.dll
0x00007ffbc6340000 - 0x00007ffbc6350000 	C:\WINDOWS\system32\MSASN1.dll
0x00007ffbaf930000 - 0x00007ffbafabc000 	C:\WINDOWS\SYSTEM32\dbghelp.dll

VM Arguments:
jvm_args: -Xmx1024m -Dfile.encoding=GBK -Duser.country=CN -Duser.language=zh -Duser.variant 
java_command: org.gradle.launcher.daemon.bootstrap.GradleDaemon 2.10
Launcher Type: SUN_STANDARD

Environment Variables:
JAVA_HOME=C:\Program Files\Java\jdk1.7.0_80
CLASSPATH=.;C:\Program Files\Java\jdk1.7.0_80\lib;C:\Program Files\Java\jdk1.7.0_80\lib\tools.jar
PATH=C:\Perl64\site\bin;C:\Perl64\bin;C:\Program Files (x86)\Intel\iCLS Client\;C:\Program Files\Intel\iCLS Client\;C:\WINDOWS\system32;C:\WINDOWS;C:\WINDOWS\System32\Wbem;C:\WINDOWS\System32\WindowsPowerShell\v1.0\;C:\Program Files\Intel\Intel(R) Management Engine Components\DAL;C:\Program Files\Intel\Intel(R) Management Engine Components\IPT;C:\Program Files (x86)\Intel\Intel(R) Management Engine Components\DAL;C:\Program Files (x86)\Intel\Intel(R) Management Engine Components\IPT;C:\Program Files\Java\jdk1.7.0_80\bin;C:\Program Files\Java\jdk1.7.0_80\jre\bin;D:\Software\svn\bin;D:\Software\Android\SDK\platform-tools
USERNAME=lixiaoning
OS=Windows_NT
PROCESSOR_IDENTIFIER=Intel64 Family 6 Model 60 Stepping 3, GenuineIntel



---------------  S Y S T E M  ---------------

OS: Windows 8.1 , 64 bit Build 9600 

CPU:total 4 (4 cores per cpu, 1 threads per core) family 6 model 60 stepping 3, cmov, cx8, fxsr, mmx, sse, sse2, sse3, ssse3, sse4.1, sse4.2, popcnt, avx, avx2, aes, erms, tsc, tscinvbit

Memory: 4k page, physical 8256524k(2975080k free), swap 16645132k(9916396k free)

vm_info: Java HotSpot(TM) 64-Bit Server VM (24.80-b11) for windows-amd64 JRE (1.7.0_80-b15), built on Apr 10 2015 11:26:34 by "java_re" with unknown MS VC++:1600

time: Mon Jun 27 11:25:33 2016
elapsed time: 8073 seconds

