#
# A fatal error has been detected by the Java Runtime Environment:
#
#  EXCEPTION_ACCESS_VIOLATION (0xc0000005) at pc=0x00000000775a9f79, pid=9412, tid=11112
#
# JRE version: Java(TM) SE Runtime Environment (7.0_80-b15) (build 1.7.0_80-b15)
# Java VM: Java HotSpot(TM) 64-Bit Server VM (24.80-b11 mixed mode windows-amd64 compressed oops)
# Problematic frame:
# V  [jvm.dll+0x199f79]
#
# Failed to write core dump. Minidumps are not enabled by default on client versions of Windows
#
# If you would like to submit a bug report, please visit:
#   http://bugreport.java.com/bugreport/crash.jsp
#

---------------  T H R E A D  ---------------

Current thread (0x0000000008589800):  JavaThread "Attach Listener" daemon [_thread_in_vm, id=11112, stack(0x00000000099f0000,0x0000000009af0000)]

siginfo: ExceptionCode=0xc0000005, reading address 0x0000000000000000

Registers:
RAX=0x0000000000000000, RBX=0x00000000085a2e98, RCX=0x0000000000000000, RDX=0x0000000000000000
RSP=0x0000000009aed690, RBP=0x0000000009aed6f9, RSI=0x0000000000000000, RDI=0x00000000085a2ea0
R8 =0x00000000bff8ba48, R9 =0x0000000076f80000, R10=0x0000000000000000, R11=0x0000000000000000
R12=0x0000000008589800, R13=0x0000000009aedc40, R14=0x0000000008589800, R15=0x0000000009aedc40
RIP=0x00000000775a9f79, EFLAGS=0x0000000000010246

Top of Stack: (sp=0x0000000009aed690)
0x0000000009aed690:   00000000085a2e98 0000000009aed6f9
0x0000000009aed6a0:   0000000000000000 0000000000000000
0x0000000009aed6b0:   ffffffffffff0101 00000000085a2e60
0x0000000009aed6c0:   0000000000000000 000000000c8061e0
0x0000000009aed6d0:   0000000000000002 0000000008589800
0x0000000009aed6e0:   0000000000000018 000000000d202760
0x0000000009aed6f0:   0000000000000000 00000000775e8b35
0x0000000009aed700:   0000000000000000 0000000000000000
0x0000000009aed710:   00000000147fd000 0000000009aedc40
0x0000000009aed720:   0000000009aedc40 0000000008589800
0x0000000009aed730:   000000000bae31d0 00000000085a4950
0x0000000009aed740:   0000000000000000 000000000855a8b0
0x0000000009aed750:   0000000009aed809 00000000775aa905
0x0000000009aed760:   00000000000009f4 0000000000000000
0x0000000009aed770:   00000000085a2e60 0000000008589800
0x0000000009aed780:   0000000000000000 0000000000000000 

Instructions: (pc=0x00000000775a9f79)
0x00000000775a9f59:   85 c0 75 05 48 8b c6 eb 10 49 8b 8c 24 20 01 00
0x00000000775a9f69:   00 48 8b d0 e8 ee ad e6 ff 48 89 45 c7 4c 8b 03
0x00000000775a9f79:   48 8b 08 41 8b 50 3c 85 d2 75 09 41 8b 40 34 89
0x00000000775a9f89:   41 3c eb 03 89 51 3c 4d 8b a4 24 18 01 00 00 33 


Register to memory mapping:

RAX=0x0000000000000000 is an unknown value
RBX=0x00000000085a2e98 is an unknown value
RCX=0x0000000000000000 is an unknown value
RDX=0x0000000000000000 is an unknown value
RSP=0x0000000009aed690 is pointing into the stack for thread: 0x0000000008589800
RBP=0x0000000009aed6f9 is pointing into the stack for thread: 0x0000000008589800
RSI=0x0000000000000000 is an unknown value
RDI=0x00000000085a2ea0 is an unknown value
R8 =0x00000000bff8ba48 is an oop

[error occurred during error reporting (printing register info), id 0xe0000000]

Stack: [0x00000000099f0000,0x0000000009af0000],  sp=0x0000000009aed690,  free space=1013k
Native frames: (J=compiled Java code, j=interpreted, Vv=VM code, C=native code)
V  [jvm.dll+0x199f79]

Java frames: (J=compiled Java code, j=interpreted, Vv=VM code)
j  sun.instrument.InstrumentationImpl.retransformClasses0(J[Ljava/lang/Class;)V+0
j  sun.instrument.InstrumentationImpl.retransformClasses([Ljava/lang/Class;)V+23
J 4817 C2 com.blueware.agent.compile.RewriterAgent.premain(Ljava/lang/String;Ljava/lang/instrument/Instrumentation;)V (504 bytes) @ 0x000000000348d5f4 [0x000000000348c940+0xcb4]
j  com.blueware.agent.compile.RewriterAgent.agentmain(Ljava/lang/String;Ljava/lang/instrument/Instrumentation;)V+2
v  ~StubRoutines::call_stub
j  sun.reflect.NativeMethodAccessorImpl.invoke0(Ljava/lang/reflect/Method;Ljava/lang/Object;[Ljava/lang/Object;)Ljava/lang/Object;+0
j  sun.reflect.NativeMethodAccessorImpl.invoke(Ljava/lang/Object;[Ljava/lang/Object;)Ljava/lang/Object;+87
J 3705 C2 java.lang.reflect.Method.invoke(Ljava/lang/Object;[Ljava/lang/Object;)Ljava/lang/Object; (63 bytes) @ 0x000000000312be78 [0x000000000312be00+0x78]
j  sun.instrument.InstrumentationImpl.loadClassAndStartAgent(Ljava/lang/String;Ljava/lang/String;Ljava/lang/String;)V+180
j  sun.instrument.InstrumentationImpl.loadClassAndCallAgentmain(Ljava/lang/String;Ljava/lang/String;)V+5
v  ~StubRoutines::call_stub

---------------  P R O C E S S  ---------------

Java Threads: ( => current thread )
  0x000000000c94c000 JavaThread "Stdin handler" [_thread_blocked, id=976, stack(0x0000000056bf0000,0x0000000056cf0000)]
  0x000000000c94b800 JavaThread "Daemon worker Thread 10" [_thread_in_native, id=10136, stack(0x0000000056af0000,0x0000000056bf0000)]
  0x000000000c94a800 JavaThread "Cancel handler" [_thread_blocked, id=10524, stack(0x00000000569f0000,0x0000000056af0000)]
  0x000000000c94a000 JavaThread "Handler for socket connection from /127.0.0.1:53956 to /127.0.0.1:49887" [_thread_in_native, id=848, stack(0x00000000568f0000,0x00000000569f0000)]
  0x000000000c949000 JavaThread "Daemon Thread 10" [_thread_blocked, id=6244, stack(0x00000000567f0000,0x00000000568f0000)]
  0x000000000c791000 JavaThread "pool-12-thread-4" [_thread_blocked, id=5684, stack(0x00000000486f0000,0x00000000487f0000)]
  0x000000000c790800 JavaThread "pool-12-thread-2" [_thread_blocked, id=2368, stack(0x00000000485f0000,0x00000000486f0000)]
  0x000000000c789000 JavaThread "pool-12-thread-3" [_thread_blocked, id=10332, stack(0x00000000484f0000,0x00000000485f0000)]
  0x000000000c78f800 JavaThread "pool-12-thread-1" [_thread_blocked, id=4540, stack(0x00000000483f0000,0x00000000484f0000)]
  0x000000000c793800 JavaThread "pool-2-thread-4" [_thread_blocked, id=348, stack(0x000000002aff0000,0x000000002b0f0000)]
  0x000000000c784800 JavaThread "pool-2-thread-3" [_thread_blocked, id=2620, stack(0x000000002aef0000,0x000000002aff0000)]
  0x000000000c78a800 JavaThread "pool-2-thread-2" [_thread_blocked, id=5444, stack(0x0000000013af0000,0x0000000013bf0000)]
  0x000000000c786000 JavaThread "pool-2-thread-1" [_thread_blocked, id=5112, stack(0x00000000123f0000,0x00000000124f0000)]
  0x000000000b3a1800 JavaThread "File lock request listener" [_thread_in_native, id=10860, stack(0x000000000c180000,0x000000000c280000)]
  0x000000000ac5c800 JavaThread "Incoming local TCP Connector on port 53956" [_thread_in_native, id=11240, stack(0x000000000bb20000,0x000000000bc20000)]
  0x000000000858e800 JavaThread "Service Thread" daemon [_thread_blocked, id=10404, stack(0x0000000009cf0000,0x0000000009df0000)]
  0x000000000858b800 JavaThread "C2 CompilerThread1" daemon [_thread_blocked, id=756, stack(0x0000000009bf0000,0x0000000009cf0000)]
  0x000000000858a000 JavaThread "C2 CompilerThread0" daemon [_thread_blocked, id=9756, stack(0x0000000009af0000,0x0000000009bf0000)]
=>0x0000000008589800 JavaThread "Attach Listener" daemon [_thread_in_vm, id=11112, stack(0x00000000099f0000,0x0000000009af0000)]
  0x00000000085a2000 JavaThread "Signal Dispatcher" daemon [_thread_blocked, id=10372, stack(0x00000000098f0000,0x00000000099f0000)]
  0x000000000854f800 JavaThread "Finalizer" daemon [_thread_blocked, id=9972, stack(0x00000000097f0000,0x00000000098f0000)]
  0x0000000008546800 JavaThread "Reference Handler" daemon [_thread_blocked, id=8776, stack(0x00000000096f0000,0x00000000097f0000)]
  0x00000000025f0800 JavaThread "main" [_thread_blocked, id=10536, stack(0x0000000002130000,0x0000000002230000)]

Other Threads:
  0x0000000008542800 VMThread [stack: 0x00000000095f0000,0x00000000096f0000] [id=2440]
  0x00000000085c1800 WatcherThread [stack: 0x0000000009df0000,0x0000000009ef0000] [id=8664]

VM state:not at safepoint (normal execution)

VM Mutex/Monitor currently owned by a thread: None

Heap
 PSYoungGen      total 347136K, used 0K [0x00000000eaa80000, 0x0000000100000000, 0x0000000100000000)
  eden space 344576K, 0% used [0x00000000eaa80000,0x00000000eaa80000,0x00000000ffb00000)
  from space 2560K, 0% used [0x00000000ffb00000,0x00000000ffb00000,0x00000000ffd80000)
  to   space 2560K, 0% used [0x00000000ffd80000,0x00000000ffd80000,0x0000000100000000)
 ParOldGen       total 698880K, used 63227K [0x00000000c0000000, 0x00000000eaa80000, 0x00000000eaa80000)
  object space 698880K, 9% used [0x00000000c0000000,0x00000000c3dbede8,0x00000000eaa80000)
 PSPermGen       total 83968K, used 83965K [0x00000000bae00000, 0x00000000c0000000, 0x00000000c0000000)
  object space 83968K, 99% used [0x00000000bae00000,0x00000000bffff548,0x00000000c0000000)

Card table byte_map: [0x00000000057b0000,0x00000000059e0000] byte_map_base: 0x00000000051d9000

Polling page: 0x00000000009b0000

Code Cache  [0x00000000026f0000, 0x0000000003b10000, 0x00000000056f0000)
 total_blobs=5614 nmethods=4914 adapters=650 free_code_cache=28838Kb largest_free_block=29251072

Compilation events (10 events):
Event: 2173.144 Thread 0x000000000858a000 6478  s          sun.net.www.protocol.file.Handler::openConnection (7 bytes)
Event: 2173.144 Thread 0x000000000858b800 6479  s!         sun.net.www.protocol.file.Handler::openConnection (269 bytes)
Event: 2173.151 Thread 0x000000000858b800 nmethod 6479 0x0000000003ad9050 code [0x0000000003ad9220, 0x0000000003ad9e50]
Event: 2173.151 Thread 0x000000000858a000 nmethod 6478 0x0000000003524650 code [0x0000000003524820, 0x0000000003525490]
Event: 2173.151 Thread 0x000000000858a000 6480             sun.net.www.protocol.file.Handler::createFileURLConnection (10 bytes)
Event: 2173.153 Thread 0x000000000858a000 nmethod 6480 0x0000000003ad89d0 code [0x0000000003ad8b40, 0x0000000003ad8e18]
Event: 3031.707 Thread 0x000000000858b800 6481 %           java.io.ObjectOutputStream$BlockDataOutputStream::writeBytes @ 95 (144 bytes)
Event: 3031.712 Thread 0x000000000858b800 nmethod 6481% 0x0000000002da2810 code [0x0000000002da2980, 0x0000000002da2ee8]
Event: 3031.837 Thread 0x000000000858a000 6482             groovy.lang.MetaClassImpl::applyPropertyDescriptors (151 bytes)
Event: 3032.317 Thread 0x000000000858a000 nmethod 6482 0x0000000003b04e10 code [0x0000000003b05220, 0x0000000003b07668]

GC Heap History (10 events):
Event: 3032.935 GC heap before
{Heap before GC invocations=4825 (full 2376):
 PSYoungGen      total 347136K, used 0K [0x00000000eaa80000, 0x0000000100000000, 0x0000000100000000)
  eden space 344576K, 0% used [0x00000000eaa80000,0x00000000eaa80000,0x00000000ffb00000)
  from space 2560K, 0% used [0x00000000ffb00000,0x00000000ffb00000,0x00000000ffd80000)
  to   space 2560K, 0% used [0x00000000ffd80000,0x00000000ffd80000,0x0000000100000000)
 ParOldGen       total 698880K, used 65968K [0x00000000c0000000, 0x00000000eaa80000, 0x00000000eaa80000)
  object space 698880K, 9% used [0x00000000c0000000,0x00000000c406c020,0x00000000eaa80000)
 PSPermGen       total 83968K, used 83966K [0x00000000bae00000, 0x00000000c0000000, 0x00000000c0000000)
  object space 83968K, 99% used [0x00000000bae00000,0x00000000bffffb18,0x00000000c0000000)
Event: 3033.082 GC heap after
Heap after GC invocations=4825 (full 2376):
 PSYoungGen      total 347136K, used 0K [0x00000000eaa80000, 0x0000000100000000, 0x0000000100000000)
  eden space 344576K, 0% used [0x00000000eaa80000,0x00000000eaa80000,0x00000000ffb00000)
  from space 2560K, 0% used [0x00000000ffb00000,0x00000000ffb00000,0x00000000ffd80000)
  to   space 2560K, 0% used [0x00000000ffd80000,0x00000000ffd80000,0x0000000100000000)
 ParOldGen       total 698880K, used 63779K [0x00000000c0000000, 0x00000000eaa80000, 0x00000000eaa80000)
  object space 698880K, 9% used [0x00000000c0000000,0x00000000c3e48fc8,0x00000000eaa80000)
 PSPermGen       total 83968K, used 83942K [0x00000000bae00000, 0x00000000c0000000, 0x00000000c0000000)
  object space 83968K, 99% used [0x00000000bae00000,0x00000000bfff9ba0,0x00000000c0000000)
}
Event: 3033.084 GC heap before
{Heap before GC invocations=4826 (full 2376):
 PSYoungGen      total 347136K, used 979K [0x00000000eaa80000, 0x0000000100000000, 0x0000000100000000)
  eden space 344576K, 0% used [0x00000000eaa80000,0x00000000eab74dc0,0x00000000ffb00000)
  from space 2560K, 0% used [0x00000000ffb00000,0x00000000ffb00000,0x00000000ffd80000)
  to   space 2560K, 0% used [0x00000000ffd80000,0x00000000ffd80000,0x0000000100000000)
 ParOldGen       total 698880K, used 63779K [0x00000000c0000000, 0x00000000eaa80000, 0x00000000eaa80000)
  object space 698880K, 9% used [0x00000000c0000000,0x00000000c3e48fc8,0x00000000eaa80000)
 PSPermGen       total 83968K, used 83965K [0x00000000bae00000, 0x00000000c0000000, 0x00000000c0000000)
  object space 83968K, 99% used [0x00000000bae00000,0x00000000bffff548,0x00000000c0000000)
Event: 3033.087 GC heap after
Heap after GC invocations=4826 (full 2376):
 PSYoungGen      total 347136K, used 0K [0x00000000eaa80000, 0x0000000100000000, 0x0000000100000000)
  eden space 344576K, 0% used [0x00000000eaa80000,0x00000000eaa80000,0x00000000ffb00000)
  from space 2560K, 0% used [0x00000000ffd80000,0x00000000ffd80000,0x0000000100000000)
  to   space 2560K, 0% used [0x00000000ffb00000,0x00000000ffb00000,0x00000000ffd80000)
 ParOldGen       total 698880K, used 63779K [0x00000000c0000000, 0x00000000eaa80000, 0x00000000eaa80000)
  object space 698880K, 9% used [0x00000000c0000000,0x00000000c3e48fc8,0x00000000eaa80000)
 PSPermGen       total 83968K, used 83965K [0x00000000bae00000, 0x00000000c0000000, 0x00000000c0000000)
  object space 83968K, 99% used [0x00000000bae00000,0x00000000bffff548,0x00000000c0000000)
}
Event: 3033.087 GC heap before
{Heap before GC invocations=4827 (full 2377):
 PSYoungGen      total 347136K, used 0K [0x00000000eaa80000, 0x0000000100000000, 0x0000000100000000)
  eden space 344576K, 0% used [0x00000000eaa80000,0x00000000eaa80000,0x00000000ffb00000)
  from space 2560K, 0% used [0x00000000ffd80000,0x00000000ffd80000,0x0000000100000000)
  to   space 2560K, 0% used [0x00000000ffb00000,0x00000000ffb00000,0x00000000ffd80000)
 ParOldGen       total 698880K, used 63779K [0x00000000c0000000, 0x00000000eaa80000, 0x00000000eaa80000)
  object space 698880K, 9% used [0x00000000c0000000,0x00000000c3e48fc8,0x00000000eaa80000)
 PSPermGen       total 83968K, used 83965K [0x00000000bae00000, 0x00000000c0000000, 0x00000000c0000000)
  object space 83968K, 99% used [0x00000000bae00000,0x00000000bffff548,0x00000000c0000000)
Event: 3033.230 GC heap after
Heap after GC invocations=4827 (full 2377):
 PSYoungGen      total 347136K, used 0K [0x00000000eaa80000, 0x0000000100000000, 0x0000000100000000)
  eden space 344576K, 0% used [0x00000000eaa80000,0x00000000eaa80000,0x00000000ffb00000)
  from space 2560K, 0% used [0x00000000ffd80000,0x00000000ffd80000,0x0000000100000000)
  to   space 2560K, 0% used [0x00000000ffb00000,0x00000000ffb00000,0x00000000ffd80000)
 ParOldGen       total 698880K, used 63228K [0x00000000c0000000, 0x00000000eaa80000, 0x00000000eaa80000)
  object space 698880K, 9% used [0x00000000c0000000,0x00000000c3dbf148,0x00000000eaa80000)
 PSPermGen       total 83968K, used 83965K [0x00000000bae00000, 0x00000000c0000000, 0x00000000c0000000)
  object space 83968K, 99% used [0x00000000bae00000,0x00000000bffff548,0x00000000c0000000)
}
Event: 3033.230 GC heap before
{Heap before GC invocations=4828 (full 2377):
 PSYoungGen      total 347136K, used 0K [0x00000000eaa80000, 0x0000000100000000, 0x0000000100000000)
  eden space 344576K, 0% used [0x00000000eaa80000,0x00000000eaa80000,0x00000000ffb00000)
  from space 2560K, 0% used [0x00000000ffd80000,0x00000000ffd80000,0x0000000100000000)
  to   space 2560K, 0% used [0x00000000ffb00000,0x00000000ffb00000,0x00000000ffd80000)
 ParOldGen       total 698880K, used 63228K [0x00000000c0000000, 0x00000000eaa80000, 0x00000000eaa80000)
  object space 698880K, 9% used [0x00000000c0000000,0x00000000c3dbf148,0x00000000eaa80000)
 PSPermGen       total 83968K, used 83965K [0x00000000bae00000, 0x00000000c0000000, 0x00000000c0000000)
  object space 83968K, 99% used [0x00000000bae00000,0x00000000bffff548,0x00000000c0000000)
Event: 3033.233 GC heap after
Heap after GC invocations=4828 (full 2377):
 PSYoungGen      total 347136K, used 0K [0x00000000eaa80000, 0x0000000100000000, 0x0000000100000000)
  eden space 344576K, 0% used [0x00000000eaa80000,0x00000000eaa80000,0x00000000ffb00000)
  from space 2560K, 0% used [0x00000000ffb00000,0x00000000ffb00000,0x00000000ffd80000)
  to   space 2560K, 0% used [0x00000000ffd80000,0x00000000ffd80000,0x0000000100000000)
 ParOldGen       total 698880K, used 63228K [0x00000000c0000000, 0x00000000eaa80000, 0x00000000eaa80000)
  object space 698880K, 9% used [0x00000000c0000000,0x00000000c3dbf148,0x00000000eaa80000)
 PSPermGen       total 83968K, used 83965K [0x00000000bae00000, 0x00000000c0000000, 0x00000000c0000000)
  object space 83968K, 99% used [0x00000000bae00000,0x00000000bffff548,0x00000000c0000000)
}
Event: 3033.233 GC heap before
{Heap before GC invocations=4829 (full 2378):
 PSYoungGen      total 347136K, used 0K [0x00000000eaa80000, 0x0000000100000000, 0x0000000100000000)
  eden space 344576K, 0% used [0x00000000eaa80000,0x00000000eaa80000,0x00000000ffb00000)
  from space 2560K, 0% used [0x00000000ffb00000,0x00000000ffb00000,0x00000000ffd80000)
  to   space 2560K, 0% used [0x00000000ffd80000,0x00000000ffd80000,0x0000000100000000)
 ParOldGen       total 698880K, used 63228K [0x00000000c0000000, 0x00000000eaa80000, 0x00000000eaa80000)
  object space 698880K, 9% used [0x00000000c0000000,0x00000000c3dbf148,0x00000000eaa80000)
 PSPermGen       total 83968K, used 83965K [0x00000000bae00000, 0x00000000c0000000, 0x00000000c0000000)
  object space 83968K, 99% used [0x00000000bae00000,0x00000000bffff548,0x00000000c0000000)
Event: 3033.377 GC heap after
Heap after GC invocations=4829 (full 2378):
 PSYoungGen      total 347136K, used 0K [0x00000000eaa80000, 0x0000000100000000, 0x0000000100000000)
  eden space 344576K, 0% used [0x00000000eaa80000,0x00000000eaa80000,0x00000000ffb00000)
  from space 2560K, 0% used [0x00000000ffb00000,0x00000000ffb00000,0x00000000ffd80000)
  to   space 2560K, 0% used [0x00000000ffd80000,0x00000000ffd80000,0x0000000100000000)
 ParOldGen       total 698880K, used 63227K [0x00000000c0000000, 0x00000000eaa80000, 0x00000000eaa80000)
  object space 698880K, 9% used [0x00000000c0000000,0x00000000c3dbede8,0x00000000eaa80000)
 PSPermGen       total 83968K, used 83965K [0x00000000bae00000, 0x00000000c0000000, 0x00000000c0000000)
  object space 83968K, 99% used [0x00000000bae00000,0x00000000bffff548,0x00000000c0000000)
}

Deoptimization events (10 events):
Event: 2171.646 Thread 0x000000000c94d800 Uncommon trap: reason=unstable_if action=reinterpret pc=0x0000000003986e04 method=org.codehaus.groovy.classgen.asm.BytecodeHelper.getTypeDescription(Lorg/codehaus/groovy/ast/ClassNode;Z)Ljava/lang/String; @ 240
Event: 2171.669 Thread 0x000000000c94d800 Uncommon trap: reason=bimorphic action=maybe_recompile pc=0x000000000323e984 method=groovy.lang.MetaClassImpl.filterPropertyMethod(Ljava/lang/Object;ZZ)Ljava/lang/Object; @ 171
Event: 2171.803 Thread 0x000000000c94d800 Uncommon trap: reason=null_check action=make_not_entrant pc=0x0000000003991898 method=org.codehaus.groovy.reflection.CachedClass.<init>(Ljava/lang/Class;Lorg/codehaus/groovy/reflection/ClassInfo;)V @ 157
Event: 2491.516 Thread 0x000000000c94d800 Uncommon trap: reason=bimorphic action=maybe_recompile pc=0x000000000321a4cc method=org.gradle.logging.internal.AbstractStyledTextOutput.text(Ljava/lang/Object;)Lorg/gradle/logging/StyledTextOutput; @ 11
Event: 2491.797 Thread 0x000000000c94d800 Uncommon trap: reason=unstable_if action=reinterpret pc=0x0000000002feb5a0 method=org.gradle.internal.event.AbstractBroadcastDispatch.dispatch(Lorg/gradle/messaging/dispatch/MethodInvocation;Ljava/util/Iterator;)V @ 77
Event: 2492.310 Thread 0x000000000c94c000 Uncommon trap: reason=unstable_if action=reinterpret pc=0x0000000002975a6c method=java.io.ObjectOutputStream$BlockDataOutputStream.writeBytes(Ljava/lang/String;)V @ 22
Event: 3031.355 Thread 0x000000000c94a000 Uncommon trap: reason=array_check action=maybe_recompile pc=0x000000000360d170 method=java.util.TimSort.mergeLo(IIII)V @ 77
Event: 3031.355 Thread 0x000000000c94a000 Uncommon trap: reason=array_check action=maybe_recompile pc=0x000000000360d170 method=java.util.TimSort.mergeLo(IIII)V @ 77
Event: 3031.355 Thread 0x000000000c94a000 Uncommon trap: reason=array_check action=maybe_recompile pc=0x00000000036257e0 method=java.util.TimSort.mergeHi(IIII)V @ 91
Event: 3032.318 Thread 0x000000000c94b800 Uncommon trap: reason=null_check action=make_not_entrant pc=0x0000000003b06cd8 method=groovy.lang.MetaClassImpl.addMetaBeanProperty(Lgroovy/lang/MetaBeanProperty;)V @ 45

Internal exceptions (10 events):
Event: 3032.555 Thread 0x000000000c94b800 Threw 0x00000000efe45490 at C:\re\jdk7u80\2329\hotspot\src\share\vm\prims\jvm.cpp:1319
Event: 3032.555 Thread 0x000000000c94b800 Threw 0x00000000efe46608 at C:\re\jdk7u80\2329\hotspot\src\share\vm\prims\jvm.cpp:1319
Event: 3032.555 Thread 0x000000000c94b800 Threw 0x00000000efe4ed20 at C:\re\jdk7u80\2329\hotspot\src\share\vm\prims\jvm.cpp:1319
Event: 3032.557 Thread 0x000000000c94b800 Threw 0x00000000efeb2e10 at C:\re\jdk7u80\2329\hotspot\src\share\vm\prims\jvm.cpp:1319
Event: 3032.557 Thread 0x000000000c94b800 Threw 0x00000000efeb3f58 at C:\re\jdk7u80\2329\hotspot\src\share\vm\prims\jvm.cpp:1319
Event: 3032.557 Thread 0x000000000c94b800 Threw 0x00000000efebc370 at C:\re\jdk7u80\2329\hotspot\src\share\vm\prims\jvm.cpp:1319
Event: 3032.564 Thread 0x000000000c94b800 Threw 0x00000000f01ad4d0 at C:\re\jdk7u80\2329\hotspot\src\share\vm\prims\jvm.cpp:1319
Event: 3032.564 Thread 0x000000000c94b800 Threw 0x00000000f01ae548 at C:\re\jdk7u80\2329\hotspot\src\share\vm\prims\jvm.cpp:1319
Event: 3032.564 Thread 0x000000000c94b800 Threw 0x00000000f01b5a70 at C:\re\jdk7u80\2329\hotspot\src\share\vm\prims\jvm.cpp:1319
Event: 3033.377 Thread 0x0000000008589800 Threw 0x00000000baea9268 at C:\re\jdk7u80\2329\hotspot\src\share\vm\gc_interface/collectedHeap.inline.hpp:225

Events (10 events):
Event: 3032.574 Executing VM operation: RevokeBias
Event: 3032.574 Executing VM operation: RevokeBias done
Event: 3032.574 Executing VM operation: BulkRevokeBias
Event: 3032.574 Executing VM operation: BulkRevokeBias done
Event: 3032.610 Executing VM operation: ParallelGCFailedPermanentAllocation
Event: 3032.783 Executing VM operation: ParallelGCFailedPermanentAllocation done
Event: 3032.783 Executing VM operation: ParallelGCFailedPermanentAllocation
Event: 3033.082 Executing VM operation: ParallelGCFailedPermanentAllocation done
Event: 3033.083 Executing VM operation: ParallelGCFailedPermanentAllocation
Event: 3033.377 Executing VM operation: ParallelGCFailedPermanentAllocation done


Dynamic libraries:
0x00007ff767c90000 - 0x00007ff767cc3000 	C:\Program Files\Java\jdk1.7.0_80\bin\java.exe
0x00007ff909050000 - 0x00007ff909211000 	C:\WINDOWS\SYSTEM32\ntdll.dll
0x00007ff908410000 - 0x00007ff9084bd000 	C:\WINDOWS\system32\KERNEL32.DLL
0x00007ff9058d0000 - 0x00007ff905ab8000 	C:\WINDOWS\system32\KERNELBASE.dll
0x00007ff908d70000 - 0x00007ff908e17000 	C:\WINDOWS\system32\ADVAPI32.dll
0x00007ff906ca0000 - 0x00007ff906d3d000 	C:\WINDOWS\system32\msvcrt.dll
0x00007ff908800000 - 0x00007ff90885b000 	C:\WINDOWS\system32\sechost.dll
0x00007ff908e20000 - 0x00007ff908f3c000 	C:\WINDOWS\system32\RPCRT4.dll
0x00007ff906d50000 - 0x00007ff906ea6000 	C:\WINDOWS\system32\USER32.dll
0x00007ff908670000 - 0x00007ff9087f6000 	C:\WINDOWS\system32\GDI32.dll
0x00007ff8f2840000 - 0x00007ff8f2ab4000 	C:\WINDOWS\WinSxS\amd64_microsoft.windows.common-controls_6595b64144ccf1df_6.0.10586.0_none_8c15ae12515e1c22\COMCTL32.dll
0x00007ff908a90000 - 0x00007ff908d0d000 	C:\WINDOWS\system32\combase.dll
0x00007ff906330000 - 0x00007ff90639a000 	C:\WINDOWS\system32\bcryptPrimitives.dll
0x00007ff908860000 - 0x00007ff90889b000 	C:\WINDOWS\system32\IMM32.DLL
0x0000000076f80000 - 0x0000000077052000 	C:\Program Files\Java\jdk1.7.0_80\jre\bin\msvcr100.dll
0x0000000077410000 - 0x0000000077be9000 	C:\Program Files\Java\jdk1.7.0_80\jre\bin\server\jvm.dll
0x00007ff9065f0000 - 0x00007ff9065f8000 	C:\WINDOWS\system32\PSAPI.DLL
0x00007ff8f89c0000 - 0x00007ff8f89c9000 	C:\WINDOWS\SYSTEM32\WSOCK32.dll
0x00007ff903730000 - 0x00007ff903753000 	C:\WINDOWS\SYSTEM32\WINMM.dll
0x00007ff9088a0000 - 0x00007ff90890b000 	C:\WINDOWS\system32\WS2_32.dll
0x00007ff9036d0000 - 0x00007ff9036fc000 	C:\WINDOWS\SYSTEM32\WINMMBASE.dll
0x00007ff905c90000 - 0x00007ff905cd3000 	C:\WINDOWS\system32\cfgmgr32.dll
0x0000000077400000 - 0x000000007740f000 	C:\Program Files\Java\jdk1.7.0_80\jre\bin\verify.dll
0x00000000773d0000 - 0x00000000773f8000 	C:\Program Files\Java\jdk1.7.0_80\jre\bin\java.dll
0x00000000773b0000 - 0x00000000773c6000 	C:\Program Files\Java\jdk1.7.0_80\jre\bin\zip.dll
0x0000000077390000 - 0x00000000773aa000 	C:\Program Files\Java\jdk1.7.0_80\jre\bin\net.dll
0x00007ff904f20000 - 0x00007ff904f7c000 	C:\WINDOWS\system32\mswsock.dll
0x0000000077370000 - 0x0000000077381000 	C:\Program Files\Java\jdk1.7.0_80\jre\bin\nio.dll
0x00007ff8e3e80000 - 0x00007ff8e3e92000 	C:\Users\DIY\.gradle\native\19\windows-amd64\native-platform.dll
0x00007ff908d10000 - 0x00007ff908d62000 	C:\WINDOWS\system32\SHLWAPI.dll
0x00007ff8fc870000 - 0x00007ff8fc8a8000 	C:\WINDOWS\SYSTEM32\IPHLPAPI.DLL
0x00007ff906d40000 - 0x00007ff906d48000 	C:\WINDOWS\system32\NSI.dll
0x00007ff8fc850000 - 0x00007ff8fc866000 	C:\WINDOWS\SYSTEM32\dhcpcsvc6.DLL
0x00007ff8fc830000 - 0x00007ff8fc84a000 	C:\WINDOWS\SYSTEM32\dhcpcsvc.DLL
0x00007ff904fd0000 - 0x00007ff904fe7000 	C:\WINDOWS\SYSTEM32\CRYPTSP.dll
0x00007ff904c60000 - 0x00007ff904c94000 	C:\WINDOWS\system32\rsaenh.dll
0x00007ff905580000 - 0x00007ff9055a9000 	C:\WINDOWS\SYSTEM32\bcrypt.dll
0x00007ff904db0000 - 0x00007ff904dcf000 	C:\WINDOWS\SYSTEM32\USERENV.dll
0x00007ff905650000 - 0x00007ff905664000 	C:\WINDOWS\system32\profapi.dll
0x00007ff9050f0000 - 0x00007ff9050fb000 	C:\WINDOWS\SYSTEM32\CRYPTBASE.dll
0x0000000077170000 - 0x000000007717b000 	C:\Program Files\Java\jdk1.7.0_80\jre\bin\management.dll
0x00007ff8f69c0000 - 0x00007ff8f69d6000 	C:\WINDOWS\system32\napinsp.dll
0x00007ff8f69e0000 - 0x00007ff8f69fa000 	C:\WINDOWS\system32\pnrpnsp.dll
0x00007ff9038b0000 - 0x00007ff9038c8000 	C:\WINDOWS\system32\NLAapi.dll
0x00007ff903fd0000 - 0x00007ff90407a000 	C:\WINDOWS\SYSTEM32\DNSAPI.dll
0x00007ff8f6a00000 - 0x00007ff8f6a0d000 	C:\WINDOWS\System32\winrnr.dll
0x00007ff8fa340000 - 0x00007ff8fa34a000 	C:\Windows\System32\rasadhlp.dll
0x00007ff8fc8c0000 - 0x00007ff8fc927000 	C:\WINDOWS\System32\fwpuclnt.dll
0x0000000076f70000 - 0x0000000076f79000 	C:\Program Files\Java\jdk1.7.0_80\jre\bin\attach.dll
0x0000000076f40000 - 0x0000000076f63000 	C:\Program Files\Java\jdk1.7.0_80\jre\bin\instrument.dll
0x00000000770a0000 - 0x00000000770c4000 	C:\Program Files\Java\jdk1.7.0_80\jre\bin\sunec.dll
0x0000000077090000 - 0x000000007709b000 	C:\Program Files\Java\jdk1.7.0_80\jre\bin\sunmscapi.dll
0x00007ff905ac0000 - 0x00007ff905c88000 	C:\WINDOWS\system32\CRYPT32.dll
0x00007ff905670000 - 0x00007ff905680000 	C:\WINDOWS\system32\MSASN1.dll
0x00007ff8e8290000 - 0x00007ff8e841c000 	C:\WINDOWS\SYSTEM32\dbghelp.dll

VM Arguments:
jvm_args: -Xmx1024m -Dfile.encoding=GBK -Duser.country=CN -Duser.language=zh -Duser.variant 
java_command: org.gradle.launcher.daemon.bootstrap.GradleDaemon 2.10
Launcher Type: SUN_STANDARD

Environment Variables:
JAVA_HOME=C:\Program Files\Java\jdk1.7.0_80
CLASSPATH=.;C:\Program Files\Java\jdk1.7.0_80\lib;C:\Program Files\Java\jdk1.7.0_80\lib\tools.jar
PATH=C:\Perl64\site\bin;C:\Perl64\bin;C:\Program Files (x86)\Intel\iCLS Client\;C:\Program Files\Intel\iCLS Client\;C:\WINDOWS\system32;C:\WINDOWS;C:\WINDOWS\System32\Wbem;C:\WINDOWS\System32\WindowsPowerShell\v1.0\;C:\Program Files\Intel\Intel(R) Management Engine Components\DAL;C:\Program Files\Intel\Intel(R) Management Engine Components\IPT;C:\Program Files (x86)\Intel\Intel(R) Management Engine Components\DAL;C:\Program Files (x86)\Intel\Intel(R) Management Engine Components\IPT;C:\Program Files\Java\jdk1.7.0_80\bin;C:\Program Files\Java\jdk1.7.0_80\jre\bin;D:\Software\svn\bin;D:\Software\Android\SDK\platform-tools
USERNAME=lixiaoning
OS=Windows_NT
PROCESSOR_IDENTIFIER=Intel64 Family 6 Model 60 Stepping 3, GenuineIntel



---------------  S Y S T E M  ---------------

OS: Windows 8.1 , 64 bit Build 9600 

CPU:total 4 (4 cores per cpu, 1 threads per core) family 6 model 60 stepping 3, cmov, cx8, fxsr, mmx, sse, sse2, sse3, ssse3, sse4.1, sse4.2, popcnt, avx, avx2, aes, erms, tsc, tscinvbit

Memory: 4k page, physical 8256524k(2670728k free), swap 16645132k(8348772k free)

vm_info: Java HotSpot(TM) 64-Bit Server VM (24.80-b11) for windows-amd64 JRE (1.7.0_80-b15), built on Apr 10 2015 11:26:34 by "java_re" with unknown MS VC++:1600

time: Tue Jul 12 09:43:32 2016
elapsed time: 3033 seconds

